22/03/2023:10:59:43 410 [Calculator.java] [INFO] Calculator [ADDITION] - 3.5, 1.5
22/03/2023:10:59:43 420 [Calculator.java] [INFO] Calculator [RESULT - ADDITION] - 5.0
22/03/2023:10:59:43 424 [Calculator.java] [INFO] Calculator [ADDITION] - 5.0, -1.5
22/03/2023:10:59:43 425 [Calculator.java] [INFO] Calculator [RESULT - ADDITION] - 3.5
22/03/2023:10:59:43 427 [Calculator.java] [INFO] Calculator [ADDITION] - -5.0, -1.5
22/03/2023:10:59:43 428 [Calculator.java] [INFO] Calculator [RESULT - ADDITION] - -6.5
22/03/2023:10:59:43 437 [Calculator.java] [ERROR] Calculator [ERROR - FACTORIAL] - factorial function does not work with -ve number
22/03/2023:10:59:43 438 [Calculator.java] [INFO] Calculator [FACTORIAL] - 5
22/03/2023:10:59:43 439 [Calculator.java] [INFO] Calculator [RESULT - FACTORIAL] - 120
22/03/2023:10:59:43 441 [Calculator.java] [ERROR] Calculator [ERROR - SQRT] - square root function is given -ve number
22/03/2023:10:59:43 443 [Calculator.java] [INFO] Calculator [SQRT] - 4.0
22/03/2023:10:59:43 445 [Calculator.java] [INFO] Calculator [RESULT - SQRT] - 2.0
22/03/2023:11:09:14 871 [Calculator.java] [INFO] Calculator [ADDITION] - 3.5, 1.5
22/03/2023:11:09:14 888 [Calculator.java] [INFO] Calculator [RESULT - ADDITION] - 5.0
22/03/2023:11:09:14 893 [Calculator.java] [INFO] Calculator [ADDITION] - 5.0, -1.5
22/03/2023:11:09:14 894 [Calculator.java] [INFO] Calculator [RESULT - ADDITION] - 3.5
22/03/2023:11:09:14 895 [Calculator.java] [INFO] Calculator [ADDITION] - -5.0, -1.5
22/03/2023:11:09:14 896 [Calculator.java] [INFO] Calculator [RESULT - ADDITION] - -6.5
22/03/2023:11:09:14 901 [Calculator.java] [ERROR] Calculator [ERROR - FACTORIAL] - factorial function does not work with -ve number
22/03/2023:11:09:14 904 [Calculator.java] [INFO] Calculator [FACTORIAL] - 5
22/03/2023:11:09:14 905 [Calculator.java] [INFO] Calculator [RESULT - FACTORIAL] - 120
22/03/2023:11:09:14 908 [Calculator.java] [ERROR] Calculator [ERROR - SQRT] - square root function is given -ve number
22/03/2023:11:09:14 910 [Calculator.java] [INFO] Calculator [SQRT] - 4.0
22/03/2023:11:09:14 910 [Calculator.java] [INFO] Calculator [RESULT - SQRT] - 2.0
22/03/2023:11:18:53 095 [Calculator.java] [INFO] Calculator [ADDITION] - 3.5, 1.5
22/03/2023:11:18:53 103 [Calculator.java] [INFO] Calculator [RESULT - ADDITION] - 5.0
22/03/2023:11:18:53 107 [Calculator.java] [INFO] Calculator [ADDITION] - 5.0, -1.5
22/03/2023:11:18:53 109 [Calculator.java] [INFO] Calculator [RESULT - ADDITION] - 3.5
22/03/2023:11:18:53 110 [Calculator.java] [INFO] Calculator [ADDITION] - -5.0, -1.5
22/03/2023:11:18:53 111 [Calculator.java] [INFO] Calculator [RESULT - ADDITION] - -6.5
22/03/2023:11:18:53 114 [Calculator.java] [ERROR] Calculator [ERROR - FACTORIAL] - factorial function does not work with -ve number
22/03/2023:11:18:53 116 [Calculator.java] [INFO] Calculator [FACTORIAL] - 5
22/03/2023:11:18:53 117 [Calculator.java] [INFO] Calculator [RESULT - FACTORIAL] - 120
22/03/2023:11:18:53 119 [Calculator.java] [ERROR] Calculator [ERROR - SQRT] - square root function is given -ve number
22/03/2023:11:18:53 121 [Calculator.java] [INFO] Calculator [SQRT] - 4.0
22/03/2023:11:18:53 122 [Calculator.java] [INFO] Calculator [RESULT - SQRT] - 2.0
22/03/2023:11:30:29 242 [Calculator.java] [INFO] org.example.Calculator [ADDITION] - 3.5, 1.5
22/03/2023:11:30:29 254 [Calculator.java] [INFO] org.example.Calculator [RESULT - ADDITION] - 5.0
22/03/2023:11:30:29 261 [Calculator.java] [INFO] org.example.Calculator [ADDITION] - 5.0, -1.5
22/03/2023:11:30:29 263 [Calculator.java] [INFO] org.example.Calculator [RESULT - ADDITION] - 3.5
22/03/2023:11:30:29 264 [Calculator.java] [INFO] org.example.Calculator [ADDITION] - -5.0, -1.5
22/03/2023:11:30:29 268 [Calculator.java] [INFO] org.example.Calculator [RESULT - ADDITION] - -6.5
22/03/2023:11:30:29 271 [Calculator.java] [ERROR] org.example.Calculator [ERROR - FACTORIAL] - factorial function does not work with -ve number
22/03/2023:11:30:29 273 [Calculator.java] [INFO] org.example.Calculator [FACTORIAL] - 5
22/03/2023:11:30:29 274 [Calculator.java] [INFO] org.example.Calculator [RESULT - FACTORIAL] - 120
22/03/2023:11:30:29 276 [Calculator.java] [ERROR] org.example.Calculator [ERROR - SQRT] - square root function is given -ve number
22/03/2023:11:30:29 280 [Calculator.java] [INFO] org.example.Calculator [SQRT] - 4.0
22/03/2023:11:30:29 280 [Calculator.java] [INFO] org.example.Calculator [RESULT - SQRT] - 2.0
22/03/2023:11:30:55 664 [Calculator.java] [INFO] org.example.Calculator [ADDITION] - 3.5, 1.5
22/03/2023:11:30:55 671 [Calculator.java] [INFO] org.example.Calculator [RESULT - ADDITION] - 5.0
22/03/2023:11:30:55 673 [Calculator.java] [INFO] org.example.Calculator [ADDITION] - 5.0, -1.5
22/03/2023:11:30:55 677 [Calculator.java] [INFO] org.example.Calculator [RESULT - ADDITION] - 3.5
22/03/2023:11:30:55 680 [Calculator.java] [INFO] org.example.Calculator [ADDITION] - -5.0, -1.5
22/03/2023:11:30:55 681 [Calculator.java] [INFO] org.example.Calculator [RESULT - ADDITION] - -6.5
22/03/2023:11:30:55 684 [Calculator.java] [ERROR] org.example.Calculator [ERROR - FACTORIAL] - factorial function does not work with -ve number
22/03/2023:11:30:55 685 [Calculator.java] [INFO] org.example.Calculator [FACTORIAL] - 5
22/03/2023:11:30:55 686 [Calculator.java] [INFO] org.example.Calculator [RESULT - FACTORIAL] - 120
22/03/2023:11:30:55 688 [Calculator.java] [ERROR] org.example.Calculator [ERROR - SQRT] - square root function is given -ve number
22/03/2023:11:30:55 689 [Calculator.java] [INFO] org.example.Calculator [SQRT] - 4.0
22/03/2023:11:30:55 689 [Calculator.java] [INFO] org.example.Calculator [RESULT - SQRT] - 2.0
22/03/2023:11:40:31 032 [Calculator.java] [INFO] org.example.Calculator [ADDITION] - 3.5, 1.5
22/03/2023:11:40:31 039 [Calculator.java] [INFO] org.example.Calculator [RESULT - ADDITION] - 5.0
22/03/2023:11:40:31 041 [Calculator.java] [INFO] org.example.Calculator [ADDITION] - 5.0, -1.5
22/03/2023:11:40:31 042 [Calculator.java] [INFO] org.example.Calculator [RESULT - ADDITION] - 3.5
22/03/2023:11:40:31 044 [Calculator.java] [INFO] org.example.Calculator [ADDITION] - -5.0, -1.5
22/03/2023:11:40:31 045 [Calculator.java] [INFO] org.example.Calculator [RESULT - ADDITION] - -6.5
22/03/2023:11:40:31 048 [Calculator.java] [ERROR] org.example.Calculator [ERROR - FACTORIAL] - factorial function does not work with -ve number
22/03/2023:11:40:31 049 [Calculator.java] [INFO] org.example.Calculator [FACTORIAL] - 5
22/03/2023:11:40:31 050 [Calculator.java] [INFO] org.example.Calculator [RESULT - FACTORIAL] - 120
22/03/2023:11:40:31 053 [Calculator.java] [ERROR] org.example.Calculator [ERROR - SQRT] - square root function is given -ve number
22/03/2023:11:40:31 057 [Calculator.java] [INFO] org.example.Calculator [SQRT] - 4.0
22/03/2023:11:40:31 058 [Calculator.java] [INFO] org.example.Calculator [RESULT - SQRT] - 2.0
22/03/2023:12:57:49 691 [Calculator.java] [INFO] org.example.Calculator [ADDITION] - 3.5, 1.5
22/03/2023:12:57:49 697 [Calculator.java] [INFO] org.example.Calculator [RESULT - ADDITION] - 5.0
22/03/2023:12:57:49 699 [Calculator.java] [INFO] org.example.Calculator [ADDITION] - 5.0, -1.5
22/03/2023:12:57:49 700 [Calculator.java] [INFO] org.example.Calculator [RESULT - ADDITION] - 3.5
22/03/2023:12:57:49 701 [Calculator.java] [INFO] org.example.Calculator [ADDITION] - -5.0, -1.5
22/03/2023:12:57:49 702 [Calculator.java] [INFO] org.example.Calculator [RESULT - ADDITION] - -6.5
22/03/2023:12:57:49 704 [Calculator.java] [ERROR] org.example.Calculator [ERROR - FACTORIAL] - factorial function does not work with -ve number
22/03/2023:12:57:49 706 [Calculator.java] [INFO] org.example.Calculator [FACTORIAL] - 5
22/03/2023:12:57:49 706 [Calculator.java] [INFO] org.example.Calculator [RESULT - FACTORIAL] - 120
22/03/2023:12:57:49 709 [Calculator.java] [ERROR] org.example.Calculator [ERROR - SQRT] - square root function is given -ve number
22/03/2023:12:57:49 710 [Calculator.java] [INFO] org.example.Calculator [SQRT] - 4.0
22/03/2023:12:57:49 710 [Calculator.java] [INFO] org.example.Calculator [RESULT - SQRT] - 2.0
22/03/2023:13:00:34 779 [Calculator.java] [INFO] org.example.Calculator [ADDITION] - 3.5, 1.5
22/03/2023:13:00:34 786 [Calculator.java] [INFO] org.example.Calculator [RESULT - ADDITION] - 5.0
22/03/2023:13:00:34 788 [Calculator.java] [INFO] org.example.Calculator [ADDITION] - 5.0, -1.5
22/03/2023:13:00:34 789 [Calculator.java] [INFO] org.example.Calculator [RESULT - ADDITION] - 3.5
22/03/2023:13:00:34 790 [Calculator.java] [INFO] org.example.Calculator [ADDITION] - -5.0, -1.5
22/03/2023:13:00:34 791 [Calculator.java] [INFO] org.example.Calculator [RESULT - ADDITION] - -6.5
22/03/2023:13:00:34 793 [Calculator.java] [ERROR] org.example.Calculator [ERROR - FACTORIAL] - factorial function does not work with -ve number
22/03/2023:13:00:34 794 [Calculator.java] [INFO] org.example.Calculator [FACTORIAL] - 5
22/03/2023:13:00:34 795 [Calculator.java] [INFO] org.example.Calculator [RESULT - FACTORIAL] - 120
22/03/2023:13:00:34 798 [Calculator.java] [ERROR] org.example.Calculator [ERROR - SQRT] - square root function is given -ve number
22/03/2023:13:00:34 799 [Calculator.java] [INFO] org.example.Calculator [SQRT] - 4.0
22/03/2023:13:00:34 799 [Calculator.java] [INFO] org.example.Calculator [RESULT - SQRT] - 2.0
22/03/2023:18:49:44 008 [Calculator.java] [INFO] org.example.Calculator [FACTORIAL] - 3.0
22/03/2023:18:49:44 015 [Calculator.java] [INFO] org.example.Calculator [RESULT - FACTORIAL] - 6
22/03/2023:18:49:44 016 [Calculator.java] [INFO] org.example.Calculator [FACTORIAL] - 4.0
22/03/2023:18:49:44 016 [Calculator.java] [INFO] org.example.Calculator [RESULT - FACTORIAL] - 24
22/03/2023:18:49:44 018 [Calculator.java] [INFO] org.example.Calculator [NATURAL LOG] - 145.256
22/03/2023:18:49:44 018 [Calculator.java] [INFO] org.example.Calculator [RESULT - NATURAL LOG] - 4.978497702968366
22/03/2023:18:49:44 019 [Calculator.java] [INFO] org.example.Calculator [NATURAL LOG] - 5.0
22/03/2023:18:49:44 020 [Calculator.java] [INFO] org.example.Calculator [RESULT - NATURAL LOG] - 1.6094379124341003
22/03/2023:18:49:44 021 [Calculator.java] [INFO] org.example.Calculator [NATURAL LOG] - 3.0
22/03/2023:18:49:44 022 [Calculator.java] [INFO] org.example.Calculator [RESULT - NATURAL LOG] - 1.0986122886681098
22/03/2023:18:49:44 024 [Calculator.java] [INFO] org.example.Calculator [NATURAL LOG] - 4.0
22/03/2023:18:49:44 025 [Calculator.java] [INFO] org.example.Calculator [RESULT - NATURAL LOG] - 1.3862943611198906
22/03/2023:18:49:44 025 [Calculator.java] [INFO] org.example.Calculator [SQUARE ROOT] - 25.0
22/03/2023:18:49:44 026 [Calculator.java] [INFO] org.example.Calculator [RESULT - SQUARE ROOT] - 5.0
22/03/2023:18:49:44 027 [Calculator.java] [INFO] org.example.Calculator [SQUARE ROOT] - 81.0
22/03/2023:18:49:44 027 [Calculator.java] [INFO] org.example.Calculator [RESULT - SQUARE ROOT] - 9.0
22/03/2023:18:49:44 028 [Calculator.java] [INFO] org.example.Calculator [SQUARE ROOT] - 121.0
22/03/2023:18:49:44 029 [Calculator.java] [INFO] org.example.Calculator [RESULT - SQUARE ROOT] - 11.0
22/03/2023:18:49:44 029 [Calculator.java] [INFO] org.example.Calculator [SQUARE ROOT] - 8.0
22/03/2023:18:49:44 030 [Calculator.java] [INFO] org.example.Calculator [RESULT - SQUARE ROOT] - 2.8284271247461903
22/03/2023:18:49:44 030 [Calculator.java] [INFO] org.example.Calculator [FACTORIAL] - 5.0
22/03/2023:18:49:44 031 [Calculator.java] [INFO] org.example.Calculator [RESULT - FACTORIAL] - 120
22/03/2023:18:49:44 031 [Calculator.java] [INFO] org.example.Calculator [FACTORIAL] - 0.0
22/03/2023:18:49:44 032 [Calculator.java] [INFO] org.example.Calculator [RESULT - FACTORIAL] - 1
22/03/2023:18:49:44 033 [Calculator.java] [INFO] org.example.Calculator [POWER - 5.0 AND 7.0
22/03/2023:18:49:44 034 [Calculator.java] [INFO] org.example.Calculator [RESULT - POWER] - 78125.0
22/03/2023:18:49:44 034 [Calculator.java] [INFO] org.example.Calculator [POWER - 4.0 AND 11.0
22/03/2023:18:49:44 035 [Calculator.java] [INFO] org.example.Calculator [RESULT - POWER] - 4194304.0
22/03/2023:18:49:44 035 [Calculator.java] [INFO] org.example.Calculator [POWER - 7.0 AND 3.0
22/03/2023:18:49:44 036 [Calculator.java] [INFO] org.example.Calculator [RESULT - POWER] - 343.0
22/03/2023:18:49:44 036 [Calculator.java] [INFO] org.example.Calculator [POWER - 6.0 AND 5.0
22/03/2023:18:49:44 037 [Calculator.java] [INFO] org.example.Calculator [RESULT - POWER] - 7776.0
22/03/2023:18:50:07 411 [Calculator.java] [INFO] org.example.Calculator [FACTORIAL] - 3.0
22/03/2023:18:50:07 418 [Calculator.java] [INFO] org.example.Calculator [RESULT - FACTORIAL] - 6
22/03/2023:18:50:07 419 [Calculator.java] [INFO] org.example.Calculator [FACTORIAL] - 4.0
22/03/2023:18:50:07 420 [Calculator.java] [INFO] org.example.Calculator [RESULT - FACTORIAL] - 24
22/03/2023:18:50:07 422 [Calculator.java] [INFO] org.example.Calculator [NATURAL LOG] - 145.256
22/03/2023:18:50:07 422 [Calculator.java] [INFO] org.example.Calculator [RESULT - NATURAL LOG] - 4.978497702968366
22/03/2023:18:50:07 423 [Calculator.java] [INFO] org.example.Calculator [NATURAL LOG] - 5.0
22/03/2023:18:50:07 424 [Calculator.java] [INFO] org.example.Calculator [RESULT - NATURAL LOG] - 1.6094379124341003
22/03/2023:18:50:07 425 [Calculator.java] [INFO] org.example.Calculator [NATURAL LOG] - 3.0
22/03/2023:18:50:07 425 [Calculator.java] [INFO] org.example.Calculator [RESULT - NATURAL LOG] - 1.0986122886681098
22/03/2023:18:50:07 426 [Calculator.java] [INFO] org.example.Calculator [NATURAL LOG] - 4.0
22/03/2023:18:50:07 427 [Calculator.java] [INFO] org.example.Calculator [RESULT - NATURAL LOG] - 1.3862943611198906
22/03/2023:18:50:07 428 [Calculator.java] [INFO] org.example.Calculator [SQUARE ROOT] - 25.0
22/03/2023:18:50:07 428 [Calculator.java] [INFO] org.example.Calculator [RESULT - SQUARE ROOT] - 5.0
22/03/2023:18:50:07 429 [Calculator.java] [INFO] org.example.Calculator [SQUARE ROOT] - 81.0
22/03/2023:18:50:07 429 [Calculator.java] [INFO] org.example.Calculator [RESULT - SQUARE ROOT] - 9.0
22/03/2023:18:50:07 430 [Calculator.java] [INFO] org.example.Calculator [SQUARE ROOT] - 121.0
22/03/2023:18:50:07 431 [Calculator.java] [INFO] org.example.Calculator [RESULT - SQUARE ROOT] - 11.0
22/03/2023:18:50:07 431 [Calculator.java] [INFO] org.example.Calculator [SQUARE ROOT] - 8.0
22/03/2023:18:50:07 432 [Calculator.java] [INFO] org.example.Calculator [RESULT - SQUARE ROOT] - 2.8284271247461903
22/03/2023:18:50:07 433 [Calculator.java] [INFO] org.example.Calculator [FACTORIAL] - 5.0
22/03/2023:18:50:07 433 [Calculator.java] [INFO] org.example.Calculator [RESULT - FACTORIAL] - 120
22/03/2023:18:50:07 434 [Calculator.java] [INFO] org.example.Calculator [FACTORIAL] - 0.0
22/03/2023:18:50:07 434 [Calculator.java] [INFO] org.example.Calculator [RESULT - FACTORIAL] - 1
22/03/2023:18:50:07 435 [Calculator.java] [INFO] org.example.Calculator [POWER - 5.0 AND 7.0
22/03/2023:18:50:07 435 [Calculator.java] [INFO] org.example.Calculator [RESULT - POWER] - 78125.0
22/03/2023:18:50:07 436 [Calculator.java] [INFO] org.example.Calculator [POWER - 4.0 AND 11.0
22/03/2023:18:50:07 436 [Calculator.java] [INFO] org.example.Calculator [RESULT - POWER] - 4194304.0
22/03/2023:18:50:07 437 [Calculator.java] [INFO] org.example.Calculator [POWER - 7.0 AND 3.0
22/03/2023:18:50:07 437 [Calculator.java] [INFO] org.example.Calculator [RESULT - POWER] - 343.0
22/03/2023:18:50:07 438 [Calculator.java] [INFO] org.example.Calculator [POWER - 6.0 AND 5.0
22/03/2023:18:50:07 438 [Calculator.java] [INFO] org.example.Calculator [RESULT - POWER] - 7776.0
